{
  "stats": {
    "suites": 1,
    "tests": 1,
    "passes": 1,
    "pending": 0,
    "failures": 0,
    "start": "2021-10-07T01:13:51.800Z",
    "end": "2021-10-07T01:13:59.704Z",
    "duration": 7904,
    "testsRegistered": 1,
    "passPercent": 100,
    "pendingPercent": 0,
    "other": 0,
    "hasOther": false,
    "skipped": 0,
    "hasSkipped": false
  },
  "results": [
    {
      "uuid": "b8ed09b1-9b69-4c8e-bcc1-21beb3ad678c",
      "title": "",
      "fullFile": "cypress/integration/__tests__/amazon_search.spec.js",
      "file": "cypress/integration/__tests__/amazon_search.spec.js",
      "beforeHooks": [],
      "afterHooks": [],
      "tests": [],
      "suites": [
        {
          "uuid": "6b16bbe8-e4a4-4d0b-b0f0-b97aa073e45e",
          "title": "Amazon Search App",
          "fullFile": "",
          "file": "",
          "beforeHooks": [],
          "afterHooks": [],
          "tests": [
            {
              "title": "search test",
              "fullTitle": "Amazon Search App search test",
              "timedOut": null,
              "duration": 5729,
              "state": "passed",
              "speed": "slow",
              "pass": true,
              "fail": false,
              "pending": false,
              "context": null,
              "code": "cy.visit('https://www.amazon.com');\ncy.get('.nav-search-field').within(() => {\n  cy.get('#twotabsearchtextbox').type('Apple Mac Book Laptop');\n});",
              "err": {},
              "uuid": "d833eeb6-fd22-4d68-bbfa-e6e92349ef17",
              "parentUUID": "6b16bbe8-e4a4-4d0b-b0f0-b97aa073e45e",
              "isHook": false,
              "skipped": false
            }
          ],
          "suites": [],
          "passes": [
            "d833eeb6-fd22-4d68-bbfa-e6e92349ef17"
          ],
          "failures": [],
          "pending": [],
          "skipped": [],
          "duration": 5729,
          "root": false,
          "rootEmpty": false,
          "_timeout": 2000
        }
      ],
      "passes": [],
      "failures": [],
      "pending": [],
      "skipped": [],
      "duration": 0,
      "root": true,
      "rootEmpty": true,
      "_timeout": 2000
    }
  ],
  "meta": {
    "mocha": {
      "version": "7.0.1"
    },
    "mochawesome": {
      "options": {
        "quiet": false,
        "reportFilename": "report",
        "saveHtml": true,
        "saveJson": true,
        "consoleReporter": "spec",
        "useInlineDiffs": false,
        "code": true
      },
      "version": "6.3.1"
    },
    "marge": {
      "options": {
        "reportDir": "cypress/reports",
        "reportFilename": "report",
        "overwrite": true,
        "html": true,
        "json": true,
        "charts": true
      },
      "version": "5.2.0"
    }
  }
}